<?xml version="1.0" encoding="UTF-8"?>
<testsuite xmlns:xsi="http://www.w3.org/2001/XMLSchema-instance" xsi:noNamespaceSchemaLocation="https://maven.apache.org/surefire/maven-surefire-plugin/xsd/surefire-test-report.xsd" name="me.mason.springbatch.IncrementJobTest" time="0.016" tests="1" errors="1" skipped="0" failures="0">
  <properties>
[...]
</properties>
  <testcase name="initializationError" classname="me.mason.springbatch.IncrementJobTest" time="0.012">
    <error message="Invalid test class &apos;me.mason.springbatch.IncrementJobTest&apos;:&#10;  1. No runnable methods" type="org.junit.runners.model.InvalidTestClassError">org.junit.runners.model.InvalidTestClassError: 
Invalid test class 'me.mason.springbatch.IncrementJobTest':
  1. No runnable methods
</error>
    <system-out><![CDATA[10:55:51,813 |-INFO in ch.qos.logback.classic.LoggerContext[default] - Could NOT find resource [logback-test.xml]
10:55:51,813 |-INFO in ch.qos.logback.classic.LoggerContext[default] - Could NOT find resource [logback.groovy]
10:55:51,813 |-INFO in ch.qos.logback.classic.LoggerContext[default] - Found resource [logback.xml] at [file:/F:/MyEdgeComputing/spring-batch-increment/target/classes/logback.xml]
10:55:51,912 |-INFO in ch.qos.logback.classic.joran.action.ConfigurationAction - debug attribute not set
10:55:51,922 |-INFO in ch.qos.logback.classic.joran.action.ConfigurationAction - Will scan for changes in [file:/F:/MyEdgeComputing/spring-batch-increment/target/classes/logback.xml] 
10:55:51,922 |-INFO in ch.qos.logback.classic.joran.action.ConfigurationAction - Setting ReconfigureOnChangeTask scanning period to 1 seconds
10:55:51,927 |-INFO in ch.qos.logback.core.joran.action.AppenderAction - About to instantiate appender of type [ch.qos.logback.core.ConsoleAppender]
10:55:51,932 |-INFO in ch.qos.logback.core.joran.action.AppenderAction - Naming appender as [STDOUT]
10:55:51,977 |-WARN in ch.qos.logback.core.ConsoleAppender[STDOUT] - This appender no longer admits a layout as a sub-component, set an encoder instead.
10:55:51,977 |-WARN in ch.qos.logback.core.ConsoleAppender[STDOUT] - To ensure compatibility, wrapping your layout in LayoutWrappingEncoder.
10:55:51,977 |-WARN in ch.qos.logback.core.ConsoleAppender[STDOUT] - See also http://logback.qos.ch/codes.html#layoutInsteadOfEncoder for details
10:55:51,978 |-INFO in ch.qos.logback.core.joran.action.AppenderAction - About to instantiate appender of type [ch.qos.logback.core.rolling.RollingFileAppender]
10:55:51,982 |-INFO in ch.qos.logback.core.joran.action.AppenderAction - Naming appender as [ERRORFILE]
10:55:51,996 |-INFO in c.q.l.core.rolling.TimeBasedRollingPolicy@1381965390 - No compression will be used
10:55:51,999 |-INFO in c.q.l.core.rolling.TimeBasedRollingPolicy@1381965390 - Will use the pattern logs/my-spring-boot-error.%d{yyyy-MM-dd}.log for the active file
10:55:52,004 |-INFO in c.q.l.core.rolling.DefaultTimeBasedFileNamingAndTriggeringPolicy - The date pattern is 'yyyy-MM-dd' from file name pattern 'logs/my-spring-boot-error.%d{yyyy-MM-dd}.log'.
10:55:52,004 |-INFO in c.q.l.core.rolling.DefaultTimeBasedFileNamingAndTriggeringPolicy - Roll-over at midnight.
10:55:52,008 |-INFO in c.q.l.core.rolling.DefaultTimeBasedFileNamingAndTriggeringPolicy - Setting initial period to Fri Mar 11 15:08:16 CST 2022
10:55:52,010 |-WARN in ch.qos.logback.core.rolling.RollingFileAppender[ERRORFILE] - This appender no longer admits a layout as a sub-component, set an encoder instead.
10:55:52,010 |-WARN in ch.qos.logback.core.rolling.RollingFileAppender[ERRORFILE] - To ensure compatibility, wrapping your layout in LayoutWrappingEncoder.
10:55:52,010 |-WARN in ch.qos.logback.core.rolling.RollingFileAppender[ERRORFILE] - See also http://logback.qos.ch/codes.html#layoutInsteadOfEncoder for details
10:55:52,012 |-INFO in ch.qos.logback.core.rolling.RollingFileAppender[ERRORFILE] - Active log file name: logs/my-spring-boot-error.log
10:55:52,012 |-INFO in ch.qos.logback.core.rolling.RollingFileAppender[ERRORFILE] - File property is set to [logs/my-spring-boot-error.log]
10:55:52,014 |-INFO in ch.qos.logback.core.joran.action.AppenderAction - About to instantiate appender of type [ch.qos.logback.core.rolling.RollingFileAppender]
10:55:52,014 |-INFO in ch.qos.logback.core.joran.action.AppenderAction - Naming appender as [DEBUGFILE]
10:55:52,016 |-INFO in c.q.l.core.rolling.TimeBasedRollingPolicy@1979313356 - No compression will be used
10:55:52,016 |-INFO in c.q.l.core.rolling.TimeBasedRollingPolicy@1979313356 - Will use the pattern logs/my-spring-boot-debug.%d{yyyy-MM-dd}.log for the active file
10:55:52,017 |-INFO in c.q.l.core.rolling.DefaultTimeBasedFileNamingAndTriggeringPolicy - The date pattern is 'yyyy-MM-dd' from file name pattern 'logs/my-spring-boot-debug.%d{yyyy-MM-dd}.log'.
10:55:52,017 |-INFO in c.q.l.core.rolling.DefaultTimeBasedFileNamingAndTriggeringPolicy - Roll-over at midnight.
10:55:52,017 |-INFO in c.q.l.core.rolling.DefaultTimeBasedFileNamingAndTriggeringPolicy - Setting initial period to Fri Mar 11 15:17:40 CST 2022
10:55:52,018 |-WARN in ch.qos.logback.core.rolling.RollingFileAppender[DEBUGFILE] - This appender no longer admits a layout as a sub-component, set an encoder instead.
10:55:52,018 |-WARN in ch.qos.logback.core.rolling.RollingFileAppender[DEBUGFILE] - To ensure compatibility, wrapping your layout in LayoutWrappingEncoder.
10:55:52,018 |-WARN in ch.qos.logback.core.rolling.RollingFileAppender[DEBUGFILE] - See also http://logback.qos.ch/codes.html#layoutInsteadOfEncoder for details
10:55:52,018 |-INFO in ch.qos.logback.core.rolling.RollingFileAppender[DEBUGFILE] - Active log file name: logs/my-spring-boot-debug.log
10:55:52,018 |-INFO in ch.qos.logback.core.rolling.RollingFileAppender[DEBUGFILE] - File property is set to [logs/my-spring-boot-debug.log]
10:55:52,019 |-INFO in ch.qos.logback.core.joran.action.AppenderAction - About to instantiate appender of type [ch.qos.logback.core.rolling.RollingFileAppender]
10:55:52,019 |-INFO in ch.qos.logback.core.joran.action.AppenderAction - Naming appender as [INFOFILE]
10:55:52,020 |-INFO in c.q.l.core.rolling.TimeBasedRollingPolicy@1386883398 - No compression will be used
10:55:52,021 |-INFO in c.q.l.core.rolling.TimeBasedRollingPolicy@1386883398 - Will use the pattern logs/my-spring-boot-info.%d{yyyy-MM-dd}.log for the active file
10:55:52,021 |-INFO in c.q.l.core.rolling.DefaultTimeBasedFileNamingAndTriggeringPolicy - The date pattern is 'yyyy-MM-dd' from file name pattern 'logs/my-spring-boot-info.%d{yyyy-MM-dd}.log'.
10:55:52,021 |-INFO in c.q.l.core.rolling.DefaultTimeBasedFileNamingAndTriggeringPolicy - Roll-over at midnight.
10:55:52,022 |-INFO in c.q.l.core.rolling.DefaultTimeBasedFileNamingAndTriggeringPolicy - Setting initial period to Fri Mar 11 15:17:00 CST 2022
10:55:52,023 |-WARN in ch.qos.logback.core.rolling.RollingFileAppender[INFOFILE] - This appender no longer admits a layout as a sub-component, set an encoder instead.
10:55:52,023 |-WARN in ch.qos.logback.core.rolling.RollingFileAppender[INFOFILE] - To ensure compatibility, wrapping your layout in LayoutWrappingEncoder.
10:55:52,023 |-WARN in ch.qos.logback.core.rolling.RollingFileAppender[INFOFILE] - See also http://logback.qos.ch/codes.html#layoutInsteadOfEncoder for details
10:55:52,023 |-INFO in ch.qos.logback.core.rolling.RollingFileAppender[INFOFILE] - Active log file name: logs/my-spring-boot-info.log
10:55:52,023 |-INFO in ch.qos.logback.core.rolling.RollingFileAppender[INFOFILE] - File property is set to [logs/my-spring-boot-info.log]
10:55:52,023 |-INFO in ch.qos.logback.core.joran.action.AppenderAction - About to instantiate appender of type [ch.qos.logback.core.rolling.RollingFileAppender]
10:55:52,023 |-INFO in ch.qos.logback.core.joran.action.AppenderAction - Naming appender as [WARNFILE]
10:55:52,025 |-INFO in c.q.l.core.rolling.TimeBasedRollingPolicy@1306854175 - No compression will be used
10:55:52,026 |-INFO in c.q.l.core.rolling.TimeBasedRollingPolicy@1306854175 - Will use the pattern logs/my-spring-boot-warn.%d{yyyy-MM-dd}.log for the active file
10:55:52,026 |-INFO in c.q.l.core.rolling.DefaultTimeBasedFileNamingAndTriggeringPolicy - The date pattern is 'yyyy-MM-dd' from file name pattern 'logs/my-spring-boot-warn.%d{yyyy-MM-dd}.log'.
10:55:52,026 |-INFO in c.q.l.core.rolling.DefaultTimeBasedFileNamingAndTriggeringPolicy - Roll-over at midnight.
10:55:52,032 |-INFO in c.q.l.core.rolling.DefaultTimeBasedFileNamingAndTriggeringPolicy - Setting initial period to Fri Mar 11 15:16:59 CST 2022
10:55:52,033 |-WARN in ch.qos.logback.core.rolling.RollingFileAppender[WARNFILE] - This appender no longer admits a layout as a sub-component, set an encoder instead.
10:55:52,033 |-WARN in ch.qos.logback.core.rolling.RollingFileAppender[WARNFILE] - To ensure compatibility, wrapping your layout in LayoutWrappingEncoder.
10:55:52,033 |-WARN in ch.qos.logback.core.rolling.RollingFileAppender[WARNFILE] - See also http://logback.qos.ch/codes.html#layoutInsteadOfEncoder for details
10:55:52,033 |-INFO in ch.qos.logback.core.rolling.RollingFileAppender[WARNFILE] - Active log file name: logs/my-spring-boot-warn.log
10:55:52,033 |-INFO in ch.qos.logback.core.rolling.RollingFileAppender[WARNFILE] - File property is set to [logs/my-spring-boot-warn.log]
10:55:52,033 |-INFO in ch.qos.logback.core.joran.action.AppenderAction - About to instantiate appender of type [ch.qos.logback.classic.AsyncAppender]
10:55:52,042 |-INFO in ch.qos.logback.core.joran.action.AppenderAction - Naming appender as [ASYNCERROR]
10:55:52,043 |-INFO in ch.qos.logback.core.joran.action.AppenderRefAction - Attaching appender named [ERRORFILE] to ch.qos.logback.classic.AsyncAppender[ASYNCERROR]
10:55:52,043 |-INFO in ch.qos.logback.classic.AsyncAppender[ASYNCERROR] - Attaching appender named [ERRORFILE] to AsyncAppender.
10:55:52,043 |-INFO in ch.qos.logback.classic.AsyncAppender[ASYNCERROR] - Setting discardingThreshold to 0
10:55:52,043 |-INFO in ch.qos.logback.core.joran.action.AppenderAction - About to instantiate appender of type [ch.qos.logback.classic.AsyncAppender]
10:55:52,043 |-INFO in ch.qos.logback.core.joran.action.AppenderAction - Naming appender as [ASYNCDEBUG]
10:55:52,045 |-INFO in ch.qos.logback.core.joran.action.AppenderRefAction - Attaching appender named [DEBUGFILE] to ch.qos.logback.classic.AsyncAppender[ASYNCDEBUG]
10:55:52,045 |-INFO in ch.qos.logback.classic.AsyncAppender[ASYNCDEBUG] - Attaching appender named [DEBUGFILE] to AsyncAppender.
10:55:52,045 |-INFO in ch.qos.logback.classic.AsyncAppender[ASYNCDEBUG] - Setting discardingThreshold to 0
10:55:52,045 |-INFO in ch.qos.logback.core.joran.action.AppenderAction - About to instantiate appender of type [ch.qos.logback.classic.AsyncAppender]
10:55:52,045 |-INFO in ch.qos.logback.core.joran.action.AppenderAction - Naming appender as [ASYNCINFO]
10:55:52,046 |-INFO in ch.qos.logback.core.joran.action.AppenderRefAction - Attaching appender named [INFOFILE] to ch.qos.logback.classic.AsyncAppender[ASYNCINFO]
10:55:52,046 |-INFO in ch.qos.logback.classic.AsyncAppender[ASYNCINFO] - Attaching appender named [INFOFILE] to AsyncAppender.
10:55:52,046 |-INFO in ch.qos.logback.classic.AsyncAppender[ASYNCINFO] - Setting discardingThreshold to 0
10:55:52,046 |-INFO in ch.qos.logback.core.joran.action.AppenderAction - About to instantiate appender of type [ch.qos.logback.classic.AsyncAppender]
10:55:52,046 |-INFO in ch.qos.logback.core.joran.action.AppenderAction - Naming appender as [ASYNCWARN]
10:55:52,046 |-INFO in ch.qos.logback.core.joran.action.AppenderRefAction - Attaching appender named [WARNFILE] to ch.qos.logback.classic.AsyncAppender[ASYNCWARN]
10:55:52,046 |-INFO in ch.qos.logback.classic.AsyncAppender[ASYNCWARN] - Attaching appender named [WARNFILE] to AsyncAppender.
10:55:52,046 |-INFO in ch.qos.logback.classic.AsyncAppender[ASYNCWARN] - Setting discardingThreshold to 0
10:55:52,046 |-INFO in ch.qos.logback.classic.joran.action.RootLoggerAction - Setting level of ROOT logger to DEBUG
10:55:52,047 |-INFO in ch.qos.logback.core.joran.action.AppenderRefAction - Attaching appender named [STDOUT] to Logger[ROOT]
10:55:52,047 |-INFO in ch.qos.logback.core.joran.action.AppenderRefAction - Attaching appender named [ASYNCERROR] to Logger[ROOT]
10:55:52,047 |-INFO in ch.qos.logback.core.joran.action.AppenderRefAction - Attaching appender named [ASYNCDEBUG] to Logger[ROOT]
10:55:52,047 |-INFO in ch.qos.logback.core.joran.action.AppenderRefAction - Attaching appender named [ASYNCINFO] to Logger[ROOT]
10:55:52,047 |-INFO in ch.qos.logback.core.joran.action.AppenderRefAction - Attaching appender named [ASYNCWARN] to Logger[ROOT]
10:55:52,047 |-INFO in ch.qos.logback.classic.joran.action.ConfigurationAction - End of configuration.
10:55:52,048 |-INFO in ch.qos.logback.classic.joran.JoranConfigurator@67e2d983 - Registering current configuration as safe fallback point

]]></system-out>
  </testcase>
</testsuite>